16:36:09 Service Start
16:36:09 ==================================
16:36:09  GoUtilityService - Start
16:36:09 ==================================
16:36:09 [Program Start] Version = 1.0.1.20230724 (10:07:12)
16:36:09 [PrintService]
16:36:09 
16:36:09 ====================
16:36:09 Refresh Job List : 
16:36:09 ListenPort = 2019
16:36:09 EnableSSL = False
16:36:09 Encoding = System.Text.UTF8Encoding
16:36:09 Try to initialize the service instance...
16:36:09 Start Listen...(Ready)
16:36:09 
16:36:09 [SNMP]
16:36:09 ListenPort = 162
16:36:09 EnableSSL = false
16:36:09 Try to initialize the SNMP instance...
16:36:09 Start Listen...(Ready)
16:36:09 
16:36:10 

16:36:11 [Network] Close Port : 2019
16:36:11 [ListenUDP] System.Net.Sockets.SocketException (0x80004005): Операция блокирования прервана вызовом WSACancelBlockingCall
   в System.Net.Sockets.Socket.ReceiveFrom(Byte[] buffer, Int32 offset, Int32 size, SocketFlags socketFlags, EndPoint& remoteEP)
   в System.Net.Sockets.UdpClient.Receive(IPEndPoint& remoteEP)
   в LibSocket.UDP_Server_Sync.ListenUDP()
16:36:11 [Program Stop]
16:36:11 GoUtilityService - Stop
16:36:11 
16:36:11 [Network] Close Port : 2019
